<?xml version="1.0" encoding="UTF-8"?>
<!-- Generated by org.testng.reporters.JUnitReportReporter -->
<testsuite skipped="0" hostname="PF1FR3KW" name="com.OrangeHrm.DoubleClick" tests="1" failures="0" timestamp="2020-12-30T10:22:35 CET" time="3.694" errors="1">
  <testcase name="DragDrop" time="3.694" classname="com.OrangeHrm.DoubleClick">
    <error type="org.openqa.selenium.SessionNotCreatedException" message="session not created: This version of ChromeDriver only supports Chrome version 88
Current browser version is 87.0.4280.88 with binary path C:\Program Files (x86)\Google\Chrome\Application\chrome.exe
Build info: version: &#039;3.141.59&#039;, revision: &#039;e82be7d358&#039;, time: &#039;2018-11-14T08:17:03&#039;
System info: host: &#039;PF1FR3KW&#039;, ip: &#039;192.168.0.103&#039;, os.name: &#039;Windows 10&#039;, os.arch: &#039;amd64&#039;, os.version: &#039;10.0&#039;, java.version: &#039;1.8.0_212&#039;
Driver info: driver.version: ChromeDriver
remote stacktrace: Backtrace:
	GetHandleVerifier [0x00368A43+483]
	GetHandleVerifier [0x00368A21+449]
	GetHandleVerifier [0x007113C8+3836776]
	GetHandleVerifier [0x0072B73A+3944154]
	GetHandleVerifier [0x00727B9A+3928890]
	GetHandleVerifier [0x00725E7C+3921436]
	GetHandleVerifier [0x0074C89E+4079678]
	GetHandleVerifier [0x0074C60C+4079020]
	GetHandleVerifier [0x0074938B+4066091]
	GetHandleVerifier [0x0072CDB4+3949908]
	GetHandleVerifier [0x0072DC6E+3953678]
	GetHandleVerifier [0x0072DBF9+3953561]
	Ordinal0 [0x00336A8C+92812]
	Ordinal0 [0x00330572+66930]
	Ordinal0 [0x00330142+65858]
	GetHandleVerifier [0x006347B8+2932568]
	GetHandleVerifier [0x004712EE+1084046]
	GetHandleVerifier [0x00428B3D+787165]
	GetHandleVerifier [0x0042855B+785659]
	GetHandleVerifier [0x00428471+785425]
	GetHandleVerifier [0x0045B7B3+995155]
	BaseThreadInitThunk [0x7799FA29+25]
	RtlGetAppContainerNamedObjectPath [0x77C875F4+228]
	RtlGetAppContainerNamedObjectPath [0x77C875C4+180]
">
      <![CDATA[org.openqa.selenium.SessionNotCreatedException: session not created: This version of ChromeDriver only supports Chrome version 88
Current browser version is 87.0.4280.88 with binary path C:\Program Files (x86)\Google\Chrome\Application\chrome.exe
Build info: version: '3.141.59', revision: 'e82be7d358', time: '2018-11-14T08:17:03'
System info: host: 'PF1FR3KW', ip: '192.168.0.103', os.name: 'Windows 10', os.arch: 'amd64', os.version: '10.0', java.version: '1.8.0_212'
Driver info: driver.version: ChromeDriver
remote stacktrace: Backtrace:
GetHandleVerifier [0x00368A43+483]
GetHandleVerifier [0x00368A21+449]
GetHandleVerifier [0x007113C8+3836776]
GetHandleVerifier [0x0072B73A+3944154]
GetHandleVerifier [0x00727B9A+3928890]
GetHandleVerifier [0x00725E7C+3921436]
GetHandleVerifier [0x0074C89E+4079678]
GetHandleVerifier [0x0074C60C+4079020]
GetHandleVerifier [0x0074938B+4066091]
GetHandleVerifier [0x0072CDB4+3949908]
GetHandleVerifier [0x0072DC6E+3953678]
GetHandleVerifier [0x0072DBF9+3953561]
Ordinal0 [0x00336A8C+92812]
Ordinal0 [0x00330572+66930]
Ordinal0 [0x00330142+65858]
GetHandleVerifier [0x006347B8+2932568]
GetHandleVerifier [0x004712EE+1084046]
GetHandleVerifier [0x00428B3D+787165]
GetHandleVerifier [0x0042855B+785659]
GetHandleVerifier [0x00428471+785425]
GetHandleVerifier [0x0045B7B3+995155]
BaseThreadInitThunk [0x7799FA29+25]
RtlGetAppContainerNamedObjectPath [0x77C875F4+228]
RtlGetAppContainerNamedObjectPath [0x77C875C4+180]

at sun.reflect.NativeConstructorAccessorImpl.newInstance0(Native Method)
at sun.reflect.NativeConstructorAccessorImpl.newInstance(NativeConstructorAccessorImpl.java:62)
at sun.reflect.DelegatingConstructorAccessorImpl.newInstance(DelegatingConstructorAccessorImpl.java:45)
at java.lang.reflect.Constructor.newInstance(Constructor.java:423)
at org.openqa.selenium.remote.W3CHandshakeResponse.lambda$errorHandler$0(W3CHandshakeResponse.java:62)
at org.openqa.selenium.remote.HandshakeResponse.lambda$getResponseFunction$0(HandshakeResponse.java:30)
at org.openqa.selenium.remote.ProtocolHandshake.lambda$createSession$0(ProtocolHandshake.java:126)
at java.util.stream.ReferencePipeline$3$1.accept(ReferencePipeline.java:193)
at java.util.Spliterators$ArraySpliterator.tryAdvance(Spliterators.java:958)
at java.util.stream.ReferencePipeline.forEachWithCancel(ReferencePipeline.java:126)
at java.util.stream.AbstractPipeline.copyIntoWithCancel(AbstractPipeline.java:498)
at java.util.stream.AbstractPipeline.copyInto(AbstractPipeline.java:485)
at java.util.stream.AbstractPipeline.wrapAndCopyInto(AbstractPipeline.java:471)
at java.util.stream.FindOps$FindOp.evaluateSequential(FindOps.java:152)
at java.util.stream.AbstractPipeline.evaluate(AbstractPipeline.java:234)
at java.util.stream.ReferencePipeline.findFirst(ReferencePipeline.java:464)
at org.openqa.selenium.remote.ProtocolHandshake.createSession(ProtocolHandshake.java:128)
at org.openqa.selenium.remote.ProtocolHandshake.createSession(ProtocolHandshake.java:74)
at org.openqa.selenium.remote.HttpCommandExecutor.execute(HttpCommandExecutor.java:136)
at org.openqa.selenium.remote.service.DriverCommandExecutor.execute(DriverCommandExecutor.java:83)
at org.openqa.selenium.remote.RemoteWebDriver.execute(RemoteWebDriver.java:552)
at org.openqa.selenium.remote.RemoteWebDriver.startSession(RemoteWebDriver.java:213)
at org.openqa.selenium.remote.RemoteWebDriver.<init>(RemoteWebDriver.java:131)
at org.openqa.selenium.chrome.ChromeDriver.<init>(ChromeDriver.java:181)
at org.openqa.selenium.chrome.ChromeDriver.<init>(ChromeDriver.java:168)
at org.openqa.selenium.chrome.ChromeDriver.<init>(ChromeDriver.java:123)
at com.OrangeHrm.DoubleClick.DragDrop(DoubleClick.java:16)
at sun.reflect.NativeMethodAccessorImpl.invoke0(Native Method)
at sun.reflect.NativeMethodAccessorImpl.invoke(NativeMethodAccessorImpl.java:62)
at sun.reflect.DelegatingMethodAccessorImpl.invoke(DelegatingMethodAccessorImpl.java:43)
at java.lang.reflect.Method.invoke(Method.java:498)
at org.testng.internal.MethodInvocationHelper.invokeMethod(MethodInvocationHelper.java:134)
at org.testng.internal.TestInvoker.invokeMethod(TestInvoker.java:597)
at org.testng.internal.TestInvoker.invokeTestMethod(TestInvoker.java:173)
at org.testng.internal.MethodRunner.runInSequence(MethodRunner.java:46)
at org.testng.internal.TestInvoker$MethodInvocationAgent.invoke(TestInvoker.java:816)
at org.testng.internal.TestInvoker.invokeTestMethods(TestInvoker.java:146)
at org.testng.internal.TestMethodWorker.invokeTestMethods(TestMethodWorker.java:146)
at org.testng.internal.TestMethodWorker.run(TestMethodWorker.java:128)
at java.util.concurrent.ThreadPoolExecutor.runWorker(ThreadPoolExecutor.java:1149)
at java.util.concurrent.ThreadPoolExecutor$Worker.run(ThreadPoolExecutor.java:624)
at java.lang.Thread.run(Thread.java:748)
]]>
    </error>
  </testcase> <!-- DragDrop -->
  <system-out/>
</testsuite> <!-- com.OrangeHrm.DoubleClick -->
