<?xml version="1.0" encoding="UTF-8"?>
<!-- Generated by org.testng.reporters.JUnitReportReporter -->
<testsuite skipped="0" hostname="PF1FR3KW" name="com.OrangeHrm.LoginPage" tests="1" failures="0" timestamp="2020-12-21T11:49:26 CET" time="5.407" errors="1">
  <testcase name="LoginWithValidCredentials" time="5.407" classname="com.OrangeHrm.LoginPage">
    <error type="org.openqa.selenium.SessionNotCreatedException" message="session not created: This version of ChromeDriver only supports Chrome version 88
Current browser version is 87.0.4280.88 with binary path C:\Program Files (x86)\Google\Chrome\Application\chrome.exe
Build info: version: &#039;3.11.0&#039;, revision: &#039;e59cfb3&#039;, time: &#039;2018-03-11T20:26:55.152Z&#039;
System info: host: &#039;PF1FR3KW&#039;, ip: &#039;192.168.0.103&#039;, os.name: &#039;Windows 10&#039;, os.arch: &#039;amd64&#039;, os.version: &#039;10.0&#039;, java.version: &#039;1.8.0_212&#039;
Driver info: driver.version: ChromeDriver
remote stacktrace: Backtrace:
	GetHandleVerifier [0x00228A43+483]
	GetHandleVerifier [0x00228A21+449]
	GetHandleVerifier [0x005D13C8+3836776]
	GetHandleVerifier [0x005EB73A+3944154]
	GetHandleVerifier [0x005E7B9A+3928890]
	GetHandleVerifier [0x005E5E7C+3921436]
	GetHandleVerifier [0x0060C89E+4079678]
	GetHandleVerifier [0x0060C60C+4079020]
	GetHandleVerifier [0x0060938B+4066091]
	GetHandleVerifier [0x005ECDB4+3949908]
	GetHandleVerifier [0x005EDC6E+3953678]
	GetHandleVerifier [0x005EDBF9+3953561]
	Ordinal0 [0x001F6A8C+92812]
	Ordinal0 [0x001F0572+66930]
	Ordinal0 [0x001F0142+65858]
	GetHandleVerifier [0x004F47B8+2932568]
	GetHandleVerifier [0x003312EE+1084046]
	GetHandleVerifier [0x002E8B3D+787165]
	GetHandleVerifier [0x002E855B+785659]
	GetHandleVerifier [0x002E8471+785425]
	GetHandleVerifier [0x0031B7B3+995155]
	BaseThreadInitThunk [0x7799FA29+25]
	RtlGetAppContainerNamedObjectPath [0x77C875F4+228]
	RtlGetAppContainerNamedObjectPath [0x77C875C4+180]
">
      <![CDATA[org.openqa.selenium.SessionNotCreatedException: session not created: This version of ChromeDriver only supports Chrome version 88
Current browser version is 87.0.4280.88 with binary path C:\Program Files (x86)\Google\Chrome\Application\chrome.exe
Build info: version: '3.11.0', revision: 'e59cfb3', time: '2018-03-11T20:26:55.152Z'
System info: host: 'PF1FR3KW', ip: '192.168.0.103', os.name: 'Windows 10', os.arch: 'amd64', os.version: '10.0', java.version: '1.8.0_212'
Driver info: driver.version: ChromeDriver
remote stacktrace: Backtrace:
GetHandleVerifier [0x00228A43+483]
GetHandleVerifier [0x00228A21+449]
GetHandleVerifier [0x005D13C8+3836776]
GetHandleVerifier [0x005EB73A+3944154]
GetHandleVerifier [0x005E7B9A+3928890]
GetHandleVerifier [0x005E5E7C+3921436]
GetHandleVerifier [0x0060C89E+4079678]
GetHandleVerifier [0x0060C60C+4079020]
GetHandleVerifier [0x0060938B+4066091]
GetHandleVerifier [0x005ECDB4+3949908]
GetHandleVerifier [0x005EDC6E+3953678]
GetHandleVerifier [0x005EDBF9+3953561]
Ordinal0 [0x001F6A8C+92812]
Ordinal0 [0x001F0572+66930]
Ordinal0 [0x001F0142+65858]
GetHandleVerifier [0x004F47B8+2932568]
GetHandleVerifier [0x003312EE+1084046]
GetHandleVerifier [0x002E8B3D+787165]
GetHandleVerifier [0x002E855B+785659]
GetHandleVerifier [0x002E8471+785425]
GetHandleVerifier [0x0031B7B3+995155]
BaseThreadInitThunk [0x7799FA29+25]
RtlGetAppContainerNamedObjectPath [0x77C875F4+228]
RtlGetAppContainerNamedObjectPath [0x77C875C4+180]

at sun.reflect.NativeConstructorAccessorImpl.newInstance0(Native Method)
at sun.reflect.NativeConstructorAccessorImpl.newInstance(NativeConstructorAccessorImpl.java:62)
at sun.reflect.DelegatingConstructorAccessorImpl.newInstance(DelegatingConstructorAccessorImpl.java:45)
at java.lang.reflect.Constructor.newInstance(Constructor.java:423)
at org.openqa.selenium.remote.W3CHandshakeResponse.lambda$new$0(W3CHandshakeResponse.java:57)
at org.openqa.selenium.remote.W3CHandshakeResponse.lambda$getResponseFunction$2(W3CHandshakeResponse.java:104)
at org.openqa.selenium.remote.ProtocolHandshake.lambda$createSession$0(ProtocolHandshake.java:123)
at java.util.stream.ReferencePipeline$3$1.accept(ReferencePipeline.java:193)
at java.util.Spliterators$ArraySpliterator.tryAdvance(Spliterators.java:958)
at java.util.stream.ReferencePipeline.forEachWithCancel(ReferencePipeline.java:126)
at java.util.stream.AbstractPipeline.copyIntoWithCancel(AbstractPipeline.java:498)
at java.util.stream.AbstractPipeline.copyInto(AbstractPipeline.java:485)
at java.util.stream.AbstractPipeline.wrapAndCopyInto(AbstractPipeline.java:471)
at java.util.stream.FindOps$FindOp.evaluateSequential(FindOps.java:152)
at java.util.stream.AbstractPipeline.evaluate(AbstractPipeline.java:234)
at java.util.stream.ReferencePipeline.findFirst(ReferencePipeline.java:464)
at org.openqa.selenium.remote.ProtocolHandshake.createSession(ProtocolHandshake.java:126)
at org.openqa.selenium.remote.ProtocolHandshake.createSession(ProtocolHandshake.java:73)
at org.openqa.selenium.remote.HttpCommandExecutor.execute(HttpCommandExecutor.java:136)
at org.openqa.selenium.remote.service.DriverCommandExecutor.execute(DriverCommandExecutor.java:83)
at org.openqa.selenium.remote.RemoteWebDriver.execute(RemoteWebDriver.java:545)
at org.openqa.selenium.remote.RemoteWebDriver.startSession(RemoteWebDriver.java:209)
at org.openqa.selenium.remote.RemoteWebDriver.<init>(RemoteWebDriver.java:132)
at org.openqa.selenium.chrome.ChromeDriver.<init>(ChromeDriver.java:181)
at org.openqa.selenium.chrome.ChromeDriver.<init>(ChromeDriver.java:168)
at org.openqa.selenium.chrome.ChromeDriver.<init>(ChromeDriver.java:123)
at com.OrangeHrm.LoginPage.LoginWithValidCredentials(LoginPage.java:14)
at sun.reflect.NativeMethodAccessorImpl.invoke0(Native Method)
at sun.reflect.NativeMethodAccessorImpl.invoke(NativeMethodAccessorImpl.java:62)
at sun.reflect.DelegatingMethodAccessorImpl.invoke(DelegatingMethodAccessorImpl.java:43)
at java.lang.reflect.Method.invoke(Method.java:498)
at org.testng.internal.MethodInvocationHelper.invokeMethod(MethodInvocationHelper.java:132)
at org.testng.internal.TestInvoker.invokeMethod(TestInvoker.java:599)
at org.testng.internal.TestInvoker.invokeTestMethod(TestInvoker.java:174)
at org.testng.internal.MethodRunner.runInSequence(MethodRunner.java:46)
at org.testng.internal.TestInvoker$MethodInvocationAgent.invoke(TestInvoker.java:822)
at org.testng.internal.TestInvoker.invokeTestMethods(TestInvoker.java:147)
at org.testng.internal.TestMethodWorker.invokeTestMethods(TestMethodWorker.java:146)
at org.testng.internal.TestMethodWorker.run(TestMethodWorker.java:128)
at java.util.ArrayList.forEach(ArrayList.java:1257)
at org.testng.TestRunner.privateRun(TestRunner.java:764)
at org.testng.TestRunner.run(TestRunner.java:585)
at org.testng.SuiteRunner.runTest(SuiteRunner.java:384)
at org.testng.SuiteRunner.runSequentially(SuiteRunner.java:378)
at org.testng.SuiteRunner.privateRun(SuiteRunner.java:337)
at org.testng.SuiteRunner.run(SuiteRunner.java:286)
at org.testng.SuiteRunnerWorker.runSuite(SuiteRunnerWorker.java:53)
at org.testng.SuiteRunnerWorker.run(SuiteRunnerWorker.java:96)
at org.testng.TestNG.runSuitesSequentially(TestNG.java:1218)
at org.testng.TestNG.runSuitesLocally(TestNG.java:1140)
at org.testng.TestNG.runSuites(TestNG.java:1069)
at org.testng.TestNG.run(TestNG.java:1037)
at org.testng.remote.AbstractRemoteTestNG.run(AbstractRemoteTestNG.java:115)
at org.testng.remote.RemoteTestNG.initAndRun(RemoteTestNG.java:251)
at org.testng.remote.RemoteTestNG.main(RemoteTestNG.java:77)
]]>
    </error>
  </testcase> <!-- LoginWithValidCredentials -->
  <system-out/>
</testsuite> <!-- com.OrangeHrm.LoginPage -->
